Performing C SOURCE FILE Test CMAKE_HAVE_LIBC_PTHREAD failed with the following output:
Change Dir: /home/ps/桌面/Test/tvmTest/build/CMakeFiles/CMakeTmp

Run Build Command(s):/usr/bin/make cmTC_796f8/fast && /usr/bin/make -f CMakeFiles/cmTC_796f8.dir/build.make CMakeFiles/cmTC_796f8.dir/build
make[1]: 进入目录“/home/ps/桌面/Test/tvmTest/build/CMakeFiles/CMakeTmp”
/usr/bin/cmake: /usr/local/lib/libcurl.so.4: no version information available (required by /usr/bin/cmake)
Building C object CMakeFiles/cmTC_796f8.dir/src.c.o
/usr/bin/cc   -fPIC -DCMAKE_HAVE_LIBC_PTHREAD   -o CMakeFiles/cmTC_796f8.dir/src.c.o   -c /home/ps/桌面/Test/tvmTest/build/CMakeFiles/CMakeTmp/src.c
/usr/bin/cmake: /usr/local/lib/libcurl.so.4: no version information available (required by /usr/bin/cmake)
Linking C executable cmTC_796f8
/usr/bin/cmake -E cmake_link_script CMakeFiles/cmTC_796f8.dir/link.txt --verbose=1
/usr/bin/cmake: /usr/local/lib/libcurl.so.4: no version information available (required by /usr/bin/cmake)
/usr/bin/cc -fPIC -DCMAKE_HAVE_LIBC_PTHREAD    CMakeFiles/cmTC_796f8.dir/src.c.o  -o cmTC_796f8 
/usr/bin/ld: CMakeFiles/cmTC_796f8.dir/src.c.o: in function `main':
src.c:(.text+0x3e): undefined reference to `pthread_create'
/usr/bin/ld: src.c:(.text+0x4a): undefined reference to `pthread_detach'
/usr/bin/ld: src.c:(.text+0x5b): undefined reference to `pthread_join'
collect2: error: ld returned 1 exit status
make[1]: *** [CMakeFiles/cmTC_796f8.dir/build.make:87：cmTC_796f8] 错误 1
make[1]: 离开目录“/home/ps/桌面/Test/tvmTest/build/CMakeFiles/CMakeTmp”
make: *** [Makefile:121：cmTC_796f8/fast] 错误 2


Source file was:
#include <pthread.h>

void* test_func(void* data)
{
  return data;
}

int main(void)
{
  pthread_t thread;
  pthread_create(&thread, NULL, test_func, NULL);
  pthread_detach(thread);
  pthread_join(thread, NULL);
  pthread_atfork(NULL, NULL, NULL);
  pthread_exit(NULL);

  return 0;
}

Determining if the function pthread_create exists in the pthreads failed with the following output:
Change Dir: /home/ps/桌面/Test/tvmTest/build/CMakeFiles/CMakeTmp

Run Build Command(s):/usr/bin/make cmTC_381d7/fast && /usr/bin/make -f CMakeFiles/cmTC_381d7.dir/build.make CMakeFiles/cmTC_381d7.dir/build
make[1]: 进入目录“/home/ps/桌面/Test/tvmTest/build/CMakeFiles/CMakeTmp”
/usr/bin/cmake: /usr/local/lib/libcurl.so.4: no version information available (required by /usr/bin/cmake)
Building C object CMakeFiles/cmTC_381d7.dir/CheckFunctionExists.c.o
/usr/bin/cc   -fPIC -DCHECK_FUNCTION_EXISTS=pthread_create   -o CMakeFiles/cmTC_381d7.dir/CheckFunctionExists.c.o   -c /usr/share/cmake-3.16/Modules/CheckFunctionExists.c
/usr/bin/cmake: /usr/local/lib/libcurl.so.4: no version information available (required by /usr/bin/cmake)
Linking C executable cmTC_381d7
/usr/bin/cmake -E cmake_link_script CMakeFiles/cmTC_381d7.dir/link.txt --verbose=1
/usr/bin/cmake: /usr/local/lib/libcurl.so.4: no version information available (required by /usr/bin/cmake)
/usr/bin/cc -fPIC -DCHECK_FUNCTION_EXISTS=pthread_create    CMakeFiles/cmTC_381d7.dir/CheckFunctionExists.c.o  -o cmTC_381d7  -lpthreads 
/usr/bin/ld: 找不到 -lpthreads
collect2: error: ld returned 1 exit status
make[1]: *** [CMakeFiles/cmTC_381d7.dir/build.make:87：cmTC_381d7] 错误 1
make[1]: 离开目录“/home/ps/桌面/Test/tvmTest/build/CMakeFiles/CMakeTmp”
make: *** [Makefile:121：cmTC_381d7/fast] 错误 2



